<?xml version="1.0" encoding="UTF-8" standalone="yes"?><!DOCTYPE report PUBLIC "-//JACOCO//DTD Report 1.1//EN" "report.dtd"><report name="spring-boot-skeleton"><sessioninfo id="DESKTOP-FA0T68S-a0e7f874" start="1635885759296" dump="1635885769438"/><sessioninfo id="DESKTOP-FA0T68S-f25d1943" start="1635885822930" dump="1635885832705"/><sessioninfo id="DESKTOP-FA0T68S-afedc1d4" start="1637340910401" dump="1637340920110"/><sessioninfo id="DESKTOP-FA0T68S-86b665c8" start="1637340929105" dump="1637340938819"/><sessioninfo id="DESKTOP-FA0T68S-b0cc3261" start="1637342179159" dump="1637342190067"/><sessioninfo id="DESKTOP-FA0T68S-2e6f6edc" start="1637453934557" dump="1637453945664"/><sessioninfo id="DESKTOP-FA0T68S-ae6a2d3d" start="1637453983390" dump="1637453994283"/><sessioninfo id="DESKTOP-FA0T68S-6df5cf54" start="1637454042464" dump="1637454053456"/><sessioninfo id="DESKTOP-FA0T68S-17abec80" start="1637454232750" dump="1637454243599"/></report>