<?xml version="1.0" encoding="UTF-8" standalone="yes"?><!DOCTYPE report PUBLIC "-//JACOCO//DTD Report 1.1//EN" "report.dtd"><report name="spring-boot-skeleton"><sessioninfo id="DESKTOP-FA0T68S-7d65868e" start="1637491147826" dump="1637491184567"/><sessioninfo id="DESKTOP-FA0T68S-a182d4fd" start="1637491355520" dump="1637491392130"/><sessioninfo id="DESKTOP-FA0T68S-57bacd4c" start="1637491453941" dump="1637491490269"/><sessioninfo id="DESKTOP-FA0T68S-4c7a11c0" start="1637491618170" dump="1637491655197"/><sessioninfo id="DESKTOP-FA0T68S-e931293f" start="1637491743496" dump="1637491781107"/><sessioninfo id="DESKTOP-FA0T68S-f7fcd95c" start="1637491846022" dump="1637491882034"/><sessioninfo id="DESKTOP-FA0T68S-1b1d7470" start="1637492050524" dump="1637492088107"/><sessioninfo id="DESKTOP-FA0T68S-7c9e22fe" start="1637492321086" dump="1637492358973"/><sessioninfo id="DESKTOP-FA0T68S-86889434" start="1637492397375" dump="1637492436970"/><sessioninfo id="DESKTOP-FA0T68S-2e209bc7" start="1637492469301" dump="1637492510286"/><sessioninfo id="DESKTOP-FA0T68S-862451d6" start="1637492615569" dump="1637492652879"/><sessioninfo id="DESKTOP-FA0T68S-e62a6b6" start="1637492934043" dump="1637492970188"/><sessioninfo id="DESKTOP-FA0T68S-1c52224c" start="1637493110522" dump="1637493148284"/><sessioninfo id="DESKTOP-FA0T68S-5cf42e04" start="1637493237781" dump="1637493274527"/><sessioninfo id="DESKTOP-FA0T68S-aa0731a8" start="1637493651117" dump="1637493687636"/><sessioninfo id="DESKTOP-FA0T68S-6c357a9f" start="1637495424929" dump="1637495461031"/><sessioninfo id="DESKTOP-FA0T68S-8fdbcb64" start="1637495529008" dump="1637495565589"/><sessioninfo id="DESKTOP-FA0T68S-cc215d7a" start="1637495728729" dump="1637495765673"/><sessioninfo id="DESKTOP-FA0T68S-a5317b2b" start="1637495823060" dump="1637495858992"/><sessioninfo id="DESKTOP-FA0T68S-e80982c9" start="1637496125089" dump="1637496161540"/><sessioninfo id="DESKTOP-FA0T68S-12657c35" start="1637496431611" dump="1637496470237"/><sessioninfo id="DESKTOP-FA0T68S-565248b9" start="1637496512307" dump="1637496549015"/><sessioninfo id="DESKTOP-FA0T68S-5ce4b19b" start="1637496720347" dump="1637496758875"/><sessioninfo id="DESKTOP-FA0T68S-9496f87b" start="1637496956725" dump="1637496993886"/><sessioninfo id="DESKTOP-FA0T68S-ba434365" start="1637497251983" dump="1637497289123"/><sessioninfo id="DESKTOP-FA0T68S-39523cc0" start="1637497484176" dump="1637497520371"/><sessioninfo id="DESKTOP-FA0T68S-260d2521" start="1637497571800" dump="1637497609443"/><sessioninfo id="DESKTOP-FA0T68S-983c8568" start="1637497645027" dump="1637497681900"/><sessioninfo id="DESKTOP-FA0T68S-2b90612b" start="1637497769146" dump="1637497808106"/><sessioninfo id="DESKTOP-FA0T68S-56d241c0" start="1637497926690" dump="1637497964060"/><sessioninfo id="DESKTOP-FA0T68S-a42e4217" start="1637497977311" dump="1637498016045"/><sessioninfo id="DESKTOP-FA0T68S-ce685617" start="1637498067440" dump="1637498105568"/><sessioninfo id="DESKTOP-FA0T68S-f2a84aee" start="1637498433372" dump="1637498470490"/><sessioninfo id="DESKTOP-FA0T68S-c1f5203b" start="1637498549190" dump="1637498586465"/><sessioninfo id="DESKTOP-FA0T68S-486fef11" start="1637498863091" dump="1637498899669"/><sessioninfo id="DESKTOP-FA0T68S-e3a66a28" start="1637499083989" dump="1637499120830"/><sessioninfo id="DESKTOP-FA0T68S-9f622a21" start="1637499213406" dump="1637499250406"/><sessioninfo id="DESKTOP-FA0T68S-5e169442" start="1637499276222" dump="1637499312799"/><sessioninfo id="DESKTOP-FA0T68S-45c13665" start="1637499485655" dump="1637499524550"/><sessioninfo id="DESKTOP-FA0T68S-db1a4e3f" start="1637499684074" dump="1637499723488"/><sessioninfo id="DESKTOP-FA0T68S-f911fad0" start="1637499792063" dump="1637499827545"/><sessioninfo id="DESKTOP-FA0T68S-1760d095" start="1637499923441" dump="1637499960613"/><sessioninfo id="DESKTOP-FA0T68S-23fa2f3e" start="1637500030316" dump="1637500069331"/><sessioninfo id="DESKTOP-FA0T68S-71866316" start="1637506406454" dump="1637506442753"/><sessioninfo id="DESKTOP-FA0T68S-3fbd4669" start="1637506724566" dump="1637506759624"/><sessioninfo id="DESKTOP-FA0T68S-f5c7b1e9" start="1637506921714" dump="1637506957585"/><sessioninfo id="DESKTOP-FA0T68S-cf63554c" start="1637507105344" dump="1637507141228"/><sessioninfo id="DESKTOP-FA0T68S-3f4d1c84" start="1637507701657" dump="1637507738399"/><sessioninfo id="DESKTOP-FA0T68S-45ca56d2" start="1637507917279" dump="1637507952481"/><sessioninfo id="DESKTOP-FA0T68S-5e2f8bf3" start="1637515869625" dump="1637515908809"/></report>