-------------------------------------------------------------------------------
Test set: com.nnk.springboot.testController.BidListControllerTest
-------------------------------------------------------------------------------
Tests run: 15, Failures: 0, Errors: 11, Skipped: 0, Time elapsed: 1.817 s <<< FAILURE! - in com.nnk.springboot.testController.BidListControllerTest
testUpdateBidListThenValid  Time elapsed: 0.001 s  <<< ERROR!
java.lang.NullPointerException
	at com.nnk.springboot.testController.BidListControllerTest.testUpdateBidListThenValid(BidListControllerTest.java:201)

testDeleteBidListWhenBidListIsPresent  Time elapsed: 0 s  <<< ERROR!
org.springframework.dao.InvalidDataAccessApiUsageException: Unknown entity: com.nnk.springboot.domain.BidList$MockitoMock$649153710; nested exception is java.lang.IllegalArgumentException: Unknown entity: com.nnk.springboot.domain.BidList$MockitoMock$649153710
	at com.nnk.springboot.testController.BidListControllerTest.testDeleteBidListWhenBidListIsPresent(BidListControllerTest.java:229)
Caused by: java.lang.IllegalArgumentException: Unknown entity: com.nnk.springboot.domain.BidList$MockitoMock$649153710
	at com.nnk.springboot.testController.BidListControllerTest.testDeleteBidListWhenBidListIsPresent(BidListControllerTest.java:229)
Caused by: org.hibernate.MappingException: Unknown entity: com.nnk.springboot.domain.BidList$MockitoMock$649153710
	at com.nnk.springboot.testController.BidListControllerTest.testDeleteBidListWhenBidListIsPresent(BidListControllerTest.java:229)

testCreateBidList  Time elapsed: 0.118 s  <<< ERROR!
org.mockito.exceptions.misusing.WrongTypeOfReturnValue: 

BidList cannot be returned by getBidListId()
getBidListId() should return Integer
***
If you're unsure why you're getting above error read on.
Due to the nature of the syntax above problem might occur because:
1. This exception *might* occur in wrongly written multi-threaded tests.
   Please refer to Mockito FAQ on limitations of concurrency testing.
2. A spy is stubbed using when(spy.foo()).then() syntax. It is safer to stub spies - 
   - with doReturn|Throw() family of methods. More in javadocs for Mockito.spy() method.

	at com.nnk.springboot.testController.BidListControllerTest.testCreateBidList(BidListControllerTest.java:97)

testGetBidListById  Time elapsed: 0.041 s  <<< ERROR!
org.mockito.exceptions.misusing.MissingMethodInvocationException: 

when() requires an argument which has to be 'a method call on a mock'.
For example:
    when(mock.getArticles()).thenReturn(articles);

Also, this error might show up because:
1. you stub either of: final/private/equals()/hashCode() methods.
   Those methods *cannot* be stubbed/verified.
   Mocking methods declared on non-public parent classes is not supported.
2. inside when() you don't call method on mock but on some other object.

	at com.nnk.springboot.testController.BidListControllerTest.testGetBidListById(BidListControllerTest.java:130)

testGetBidListHome  Time elapsed: 0 s  <<< ERROR!
java.lang.NullPointerException
	at com.nnk.springboot.testController.BidListControllerTest.testGetBidListHome(BidListControllerTest.java:148)

testGetBidListThenNotValid  Time elapsed: 0 s  <<< ERROR!
java.lang.NullPointerException
	at com.nnk.springboot.testController.BidListControllerTest.testGetBidListThenNotValid(BidListControllerTest.java:139)

testIllegalArgumentUpdateBidList  Time elapsed: 0 s  <<< ERROR!
java.lang.NullPointerException
	at com.nnk.springboot.testController.BidListControllerTest.testIllegalArgumentUpdateBidList(BidListControllerTest.java:187)

testUpdateBidList  Time elapsed: 0 s  <<< ERROR!
java.lang.NullPointerException
	at com.nnk.springboot.testController.BidListControllerTest.testUpdateBidList(BidListControllerTest.java:157)

testCreateBidListThenValid  Time elapsed: 0.005 s  <<< ERROR!
java.lang.NullPointerException
	at com.nnk.springboot.testController.BidListControllerTest.testCreateBidListThenValid(BidListControllerTest.java:112)

testUpdateBidListWhenBidListIsPresent  Time elapsed: 0.036 s  <<< ERROR!
org.mockito.exceptions.misusing.WrongTypeOfReturnValue: 

Optional cannot be returned by getBidQuantity()
getBidQuantity() should return Double
***
If you're unsure why you're getting above error read on.
Due to the nature of the syntax above problem might occur because:
1. This exception *might* occur in wrongly written multi-threaded tests.
   Please refer to Mockito FAQ on limitations of concurrency testing.
2. A spy is stubbed using when(spy.foo()).then() syntax. It is safer to stub spies - 
   - with doReturn|Throw() family of methods. More in javadocs for Mockito.spy() method.

	at com.nnk.springboot.testController.BidListControllerTest.testUpdateBidListWhenBidListIsPresent(BidListControllerTest.java:166)

testIllegalArgumentDeleteBidList  Time elapsed: 0 s  <<< ERROR!
java.lang.NullPointerException
	at com.nnk.springboot.testController.BidListControllerTest.testIllegalArgumentDeleteBidList(BidListControllerTest.java:242)

