-------------------------------------------------------------------------------
Test set: com.nnk.springboot.testRepository.CurvePointEntityRepositoryTest
-------------------------------------------------------------------------------
Tests run: 7, Failures: 1, Errors: 3, Skipped: 0, Time elapsed: 0.077 s <<< FAILURE! - in com.nnk.springboot.testRepository.CurvePointEntityRepositoryTest
getCurvePointTest  Time elapsed: 0.007 s  <<< ERROR!
java.util.NoSuchElementException: No value present
	at com.nnk.springboot.testRepository.CurvePointEntityRepositoryTest.getCurvePointTest(CurvePointEntityRepositoryTest.java:79)

updateCurvePointTest  Time elapsed: 0.009 s  <<< ERROR!
java.util.NoSuchElementException: No value present
	at com.nnk.springboot.testRepository.CurvePointEntityRepositoryTest.updateCurvePointTest(CurvePointEntityRepositoryTest.java:118)

deleteCurvePointTest  Time elapsed: 0.015 s  <<< FAILURE!
org.junit.ComparisonFailure: expected:<null> but was:<com.nnk.springboot.domain.CurvePoint@2d5ac00e>
	at com.nnk.springboot.testRepository.CurvePointEntityRepositoryTest.deleteCurvePointTest(CurvePointEntityRepositoryTest.java:156)

deleteCurvePointByIdTest  Time elapsed: 0.008 s  <<< ERROR!
org.springframework.dao.EmptyResultDataAccessException: No class com.nnk.springboot.domain.CurvePoint entity with id 1 exists!
	at com.nnk.springboot.testRepository.CurvePointEntityRepositoryTest.deleteCurvePointByIdTest(CurvePointEntityRepositoryTest.java:175)

