<?xml version="1.0" encoding="UTF-8"?>
<testsuite xmlns:xsi="http://www.w3.org/2001/XMLSchema-instance" xsi:noNamespaceSchemaLocation="https://maven.apache.org/surefire/maven-surefire-plugin/xsd/surefire-test-report.xsd" name="com.nnk.springboot.testController.BidListControllerTest" time="1.817" tests="15" errors="11" skipped="0" failures="0">
  <properties>
[...]
</properties>
  <testcase name="testUpdateBidListThenNotValid" classname="com.nnk.springboot.testController.BidListControllerTest" time="0.005"/>
  <testcase name="testUpdateBidListThenValid" classname="com.nnk.springboot.testController.BidListControllerTest" time="0.001">
    <error type="java.lang.NullPointerException">java.lang.NullPointerException
	at com.nnk.springboot.testController.BidListControllerTest.testUpdateBidListThenValid(BidListControllerTest.java:201)
</error>
  </testcase>
  <testcase name="testUpdateBidListThenValidError" classname="com.nnk.springboot.testController.BidListControllerTest" time="0.003"/>
  <testcase name="testDeleteBidListWhenBidListIsPresent" classname="com.nnk.springboot.testController.BidListControllerTest" time="0">
    <error message="Unknown entity: com.nnk.springboot.domain.BidList$MockitoMock$649153710; nested exception is java.lang.IllegalArgumentException: Unknown entity: com.nnk.springboot.domain.BidList$MockitoMock$649153710" type="org.springframework.dao.InvalidDataAccessApiUsageException">org.springframework.dao.InvalidDataAccessApiUsageException: Unknown entity: com.nnk.springboot.domain.BidList$MockitoMock$649153710; nested exception is java.lang.IllegalArgumentException: Unknown entity: com.nnk.springboot.domain.BidList$MockitoMock$649153710
	at com.nnk.springboot.testController.BidListControllerTest.testDeleteBidListWhenBidListIsPresent(BidListControllerTest.java:229)
Caused by: java.lang.IllegalArgumentException: Unknown entity: com.nnk.springboot.domain.BidList$MockitoMock$649153710
	at com.nnk.springboot.testController.BidListControllerTest.testDeleteBidListWhenBidListIsPresent(BidListControllerTest.java:229)
Caused by: org.hibernate.MappingException: Unknown entity: com.nnk.springboot.domain.BidList$MockitoMock$649153710
	at com.nnk.springboot.testController.BidListControllerTest.testDeleteBidListWhenBidListIsPresent(BidListControllerTest.java:229)
</error>
  </testcase>
  <testcase name="testUpdateBidListWhenBidListIsInvalid" classname="com.nnk.springboot.testController.BidListControllerTest" time="0"/>
  <testcase name="testCreateBidList" classname="com.nnk.springboot.testController.BidListControllerTest" time="0.118">
    <error message="&#10;BidList cannot be returned by getBidListId()&#10;getBidListId() should return Integer&#10;***&#10;If you&apos;re unsure why you&apos;re getting above error read on.&#10;Due to the nature of the syntax above problem might occur because:&#10;1. This exception *might* occur in wrongly written multi-threaded tests.&#10;   Please refer to Mockito FAQ on limitations of concurrency testing.&#10;2. A spy is stubbed using when(spy.foo()).then() syntax. It is safer to stub spies - &#10;   - with doReturn|Throw() family of methods. More in javadocs for Mockito.spy() method.&#10;" type="org.mockito.exceptions.misusing.WrongTypeOfReturnValue">org.mockito.exceptions.misusing.WrongTypeOfReturnValue: 

BidList cannot be returned by getBidListId()
getBidListId() should return Integer
***
If you're unsure why you're getting above error read on.
Due to the nature of the syntax above problem might occur because:
1. This exception *might* occur in wrongly written multi-threaded tests.
   Please refer to Mockito FAQ on limitations of concurrency testing.
2. A spy is stubbed using when(spy.foo()).then() syntax. It is safer to stub spies - 
   - with doReturn|Throw() family of methods. More in javadocs for Mockito.spy() method.

	at com.nnk.springboot.testController.BidListControllerTest.testCreateBidList(BidListControllerTest.java:97)
</error>
    <system-out><![CDATA[2021-11-21 14:07:17.991 DEBUG 5580 --- [           main] org.hibernate.SQL                        : select bidlist0_.bid_list_id as bid_list1_0_0_, bidlist0_.account as account2_0_0_, bidlist0_.ask as ask3_0_0_, bidlist0_.ask_quantity as ask_quan4_0_0_, bidlist0_.benchmark as benchmar5_0_0_, bidlist0_.bid as bid6_0_0_, bidlist0_.bidquantity as bidquant7_0_0_, bidlist0_.book as book8_0_0_, bidlist0_.commentary as commenta9_0_0_, bidlist0_.creation_name as creatio10_0_0_, bidlist0_.deal_name as deal_na11_0_0_, bidlist0_.deal_type as deal_ty12_0_0_, bidlist0_.revision_name as revisio13_0_0_, bidlist0_.security as securit14_0_0_, bidlist0_.side as side15_0_0_, bidlist0_.source_list_id as source_16_0_0_, bidlist0_.status as status17_0_0_, bidlist0_.trader as trader18_0_0_, bidlist0_.type as type19_0_0_ from bidlist bidlist0_ where bidlist0_.bid_list_id=?
Hibernate: select bidlist0_.bid_list_id as bid_list1_0_0_, bidlist0_.account as account2_0_0_, bidlist0_.ask as ask3_0_0_, bidlist0_.ask_quantity as ask_quan4_0_0_, bidlist0_.benchmark as benchmar5_0_0_, bidlist0_.bid as bid6_0_0_, bidlist0_.bidquantity as bidquant7_0_0_, bidlist0_.book as book8_0_0_, bidlist0_.commentary as commenta9_0_0_, bidlist0_.creation_name as creatio10_0_0_, bidlist0_.deal_name as deal_na11_0_0_, bidlist0_.deal_type as deal_ty12_0_0_, bidlist0_.revision_name as revisio13_0_0_, bidlist0_.security as securit14_0_0_, bidlist0_.side as side15_0_0_, bidlist0_.source_list_id as source_16_0_0_, bidlist0_.status as status17_0_0_, bidlist0_.trader as trader18_0_0_, bidlist0_.type as type19_0_0_ from bidlist bidlist0_ where bidlist0_.bid_list_id=?
2021-11-21 14:07:17.998 TRACE 5580 --- [           main] o.h.type.descriptor.sql.BasicBinder      : binding parameter [1] as [INTEGER] - [1]
2021-11-21 14:07:18.025 DEBUG 5580 --- [           main] org.hibernate.SQL                        : select next_val as id_val from hibernate_sequence for update
Hibernate: select next_val as id_val from hibernate_sequence for update
2021-11-21 14:07:18.026 DEBUG 5580 --- [           main] org.hibernate.SQL                        : update hibernate_sequence set next_val= ? where next_val=?
Hibernate: update hibernate_sequence set next_val= ? where next_val=?
2021-11-21 14:07:18.049 DEBUG 5580 --- [           main] org.hibernate.SQL                        : insert into bidlist (account, ask, ask_quantity, benchmark, bid, bidquantity, book, commentary, creation_name, deal_name, deal_type, revision_name, security, side, source_list_id, status, trader, type, bid_list_id) values (?, ?, ?, ?, ?, ?, ?, ?, ?, ?, ?, ?, ?, ?, ?, ?, ?, ?, ?)
Hibernate: insert into bidlist (account, ask, ask_quantity, benchmark, bid, bidquantity, book, commentary, creation_name, deal_name, deal_type, revision_name, security, side, source_list_id, status, trader, type, bid_list_id) values (?, ?, ?, ?, ?, ?, ?, ?, ?, ?, ?, ?, ?, ?, ?, ?, ?, ?, ?)
2021-11-21 14:07:18.050 TRACE 5580 --- [           main] o.h.type.descriptor.sql.BasicBinder      : binding parameter [1] as [VARCHAR] - [accounts]
2021-11-21 14:07:18.051 TRACE 5580 --- [           main] o.h.type.descriptor.sql.BasicBinder      : binding parameter [2] as [DOUBLE] - [null]
2021-11-21 14:07:18.051 TRACE 5580 --- [           main] o.h.type.descriptor.sql.BasicBinder      : binding parameter [3] as [DOUBLE] - [null]
2021-11-21 14:07:18.051 TRACE 5580 --- [           main] o.h.type.descriptor.sql.BasicBinder      : binding parameter [4] as [VARCHAR] - [null]
2021-11-21 14:07:18.051 TRACE 5580 --- [           main] o.h.type.descriptor.sql.BasicBinder      : binding parameter [5] as [DOUBLE] - [null]
2021-11-21 14:07:18.051 TRACE 5580 --- [           main] o.h.type.descriptor.sql.BasicBinder      : binding parameter [6] as [DOUBLE] - [15.4]
2021-11-21 14:07:18.051 TRACE 5580 --- [           main] o.h.type.descriptor.sql.BasicBinder      : binding parameter [7] as [VARCHAR] - [null]
2021-11-21 14:07:18.051 TRACE 5580 --- [           main] o.h.type.descriptor.sql.BasicBinder      : binding parameter [8] as [VARCHAR] - [null]
2021-11-21 14:07:18.051 TRACE 5580 --- [           main] o.h.type.descriptor.sql.BasicBinder      : binding parameter [9] as [VARCHAR] - [null]
2021-11-21 14:07:18.052 TRACE 5580 --- [           main] o.h.type.descriptor.sql.BasicBinder      : binding parameter [10] as [VARCHAR] - [null]
2021-11-21 14:07:18.052 TRACE 5580 --- [           main] o.h.type.descriptor.sql.BasicBinder      : binding parameter [11] as [VARCHAR] - [null]
2021-11-21 14:07:18.052 TRACE 5580 --- [           main] o.h.type.descriptor.sql.BasicBinder      : binding parameter [12] as [VARCHAR] - [null]
2021-11-21 14:07:18.052 TRACE 5580 --- [           main] o.h.type.descriptor.sql.BasicBinder      : binding parameter [13] as [VARCHAR] - [null]
2021-11-21 14:07:18.052 TRACE 5580 --- [           main] o.h.type.descriptor.sql.BasicBinder      : binding parameter [14] as [VARCHAR] - [null]
2021-11-21 14:07:18.052 TRACE 5580 --- [           main] o.h.type.descriptor.sql.BasicBinder      : binding parameter [15] as [VARCHAR] - [null]
2021-11-21 14:07:18.052 TRACE 5580 --- [           main] o.h.type.descriptor.sql.BasicBinder      : binding parameter [16] as [VARCHAR] - [null]
2021-11-21 14:07:18.052 TRACE 5580 --- [           main] o.h.type.descriptor.sql.BasicBinder      : binding parameter [17] as [VARCHAR] - [null]
2021-11-21 14:07:18.052 TRACE 5580 --- [           main] o.h.type.descriptor.sql.BasicBinder      : binding parameter [18] as [VARCHAR] - [type]
2021-11-21 14:07:18.052 TRACE 5580 --- [           main] o.h.type.descriptor.sql.BasicBinder      : binding parameter [19] as [INTEGER] - [92]
]]></system-out>
  </testcase>
  <testcase name="testGetBidListById" classname="com.nnk.springboot.testController.BidListControllerTest" time="0.041">
    <error message="&#10;when() requires an argument which has to be &apos;a method call on a mock&apos;.&#10;For example:&#10;    when(mock.getArticles()).thenReturn(articles);&#10;&#10;Also, this error might show up because:&#10;1. you stub either of: final/private/equals()/hashCode() methods.&#10;   Those methods *cannot* be stubbed/verified.&#10;   Mocking methods declared on non-public parent classes is not supported.&#10;2. inside when() you don&apos;t call method on mock but on some other object.&#10;" type="org.mockito.exceptions.misusing.MissingMethodInvocationException">org.mockito.exceptions.misusing.MissingMethodInvocationException: 

when() requires an argument which has to be 'a method call on a mock'.
For example:
    when(mock.getArticles()).thenReturn(articles);

Also, this error might show up because:
1. you stub either of: final/private/equals()/hashCode() methods.
   Those methods *cannot* be stubbed/verified.
   Mocking methods declared on non-public parent classes is not supported.
2. inside when() you don't call method on mock but on some other object.

	at com.nnk.springboot.testController.BidListControllerTest.testGetBidListById(BidListControllerTest.java:130)
</error>
    <system-out><![CDATA[2021-11-21 14:07:18.071 DEBUG 5580 --- [           main] org.hibernate.SQL                        : select bidlist0_.bid_list_id as bid_list1_0_0_, bidlist0_.account as account2_0_0_, bidlist0_.ask as ask3_0_0_, bidlist0_.ask_quantity as ask_quan4_0_0_, bidlist0_.benchmark as benchmar5_0_0_, bidlist0_.bid as bid6_0_0_, bidlist0_.bidquantity as bidquant7_0_0_, bidlist0_.book as book8_0_0_, bidlist0_.commentary as commenta9_0_0_, bidlist0_.creation_name as creatio10_0_0_, bidlist0_.deal_name as deal_na11_0_0_, bidlist0_.deal_type as deal_ty12_0_0_, bidlist0_.revision_name as revisio13_0_0_, bidlist0_.security as securit14_0_0_, bidlist0_.side as side15_0_0_, bidlist0_.source_list_id as source_16_0_0_, bidlist0_.status as status17_0_0_, bidlist0_.trader as trader18_0_0_, bidlist0_.type as type19_0_0_ from bidlist bidlist0_ where bidlist0_.bid_list_id=?
Hibernate: select bidlist0_.bid_list_id as bid_list1_0_0_, bidlist0_.account as account2_0_0_, bidlist0_.ask as ask3_0_0_, bidlist0_.ask_quantity as ask_quan4_0_0_, bidlist0_.benchmark as benchmar5_0_0_, bidlist0_.bid as bid6_0_0_, bidlist0_.bidquantity as bidquant7_0_0_, bidlist0_.book as book8_0_0_, bidlist0_.commentary as commenta9_0_0_, bidlist0_.creation_name as creatio10_0_0_, bidlist0_.deal_name as deal_na11_0_0_, bidlist0_.deal_type as deal_ty12_0_0_, bidlist0_.revision_name as revisio13_0_0_, bidlist0_.security as securit14_0_0_, bidlist0_.side as side15_0_0_, bidlist0_.source_list_id as source_16_0_0_, bidlist0_.status as status17_0_0_, bidlist0_.trader as trader18_0_0_, bidlist0_.type as type19_0_0_ from bidlist bidlist0_ where bidlist0_.bid_list_id=?
2021-11-21 14:07:18.072 TRACE 5580 --- [           main] o.h.type.descriptor.sql.BasicBinder      : binding parameter [1] as [INTEGER] - [1]
]]></system-out>
  </testcase>
  <testcase name="testGetBidListHome" classname="com.nnk.springboot.testController.BidListControllerTest" time="0">
    <error type="java.lang.NullPointerException">java.lang.NullPointerException
	at com.nnk.springboot.testController.BidListControllerTest.testGetBidListHome(BidListControllerTest.java:148)
</error>
  </testcase>
  <testcase name="testGetBidListThenNotValid" classname="com.nnk.springboot.testController.BidListControllerTest" time="0">
    <error type="java.lang.NullPointerException">java.lang.NullPointerException
	at com.nnk.springboot.testController.BidListControllerTest.testGetBidListThenNotValid(BidListControllerTest.java:139)
</error>
  </testcase>
  <testcase name="testIllegalArgumentUpdateBidList" classname="com.nnk.springboot.testController.BidListControllerTest" time="0">
    <error type="java.lang.NullPointerException">java.lang.NullPointerException
	at com.nnk.springboot.testController.BidListControllerTest.testIllegalArgumentUpdateBidList(BidListControllerTest.java:187)
</error>
  </testcase>
  <testcase name="testUpdateBidList" classname="com.nnk.springboot.testController.BidListControllerTest" time="0">
    <error type="java.lang.NullPointerException">java.lang.NullPointerException
	at com.nnk.springboot.testController.BidListControllerTest.testUpdateBidList(BidListControllerTest.java:157)
</error>
  </testcase>
  <testcase name="testCreateBidListThenValid" classname="com.nnk.springboot.testController.BidListControllerTest" time="0.005">
    <error type="java.lang.NullPointerException">java.lang.NullPointerException
	at com.nnk.springboot.testController.BidListControllerTest.testCreateBidListThenValid(BidListControllerTest.java:112)
</error>
    <system-out><![CDATA[2021-11-21 14:07:18.093  INFO 5580 --- [           main] c.n.s.controllers.BidListController      :  SUCCESS POST /bidList/validate
]]></system-out>
  </testcase>
  <testcase name="testUpdateBidListWhenBidListIsPresent" classname="com.nnk.springboot.testController.BidListControllerTest" time="0.036">
    <error message="&#10;Optional cannot be returned by getBidQuantity()&#10;getBidQuantity() should return Double&#10;***&#10;If you&apos;re unsure why you&apos;re getting above error read on.&#10;Due to the nature of the syntax above problem might occur because:&#10;1. This exception *might* occur in wrongly written multi-threaded tests.&#10;   Please refer to Mockito FAQ on limitations of concurrency testing.&#10;2. A spy is stubbed using when(spy.foo()).then() syntax. It is safer to stub spies - &#10;   - with doReturn|Throw() family of methods. More in javadocs for Mockito.spy() method.&#10;" type="org.mockito.exceptions.misusing.WrongTypeOfReturnValue">org.mockito.exceptions.misusing.WrongTypeOfReturnValue: 

Optional cannot be returned by getBidQuantity()
getBidQuantity() should return Double
***
If you're unsure why you're getting above error read on.
Due to the nature of the syntax above problem might occur because:
1. This exception *might* occur in wrongly written multi-threaded tests.
   Please refer to Mockito FAQ on limitations of concurrency testing.
2. A spy is stubbed using when(spy.foo()).then() syntax. It is safer to stub spies - 
   - with doReturn|Throw() family of methods. More in javadocs for Mockito.spy() method.

	at com.nnk.springboot.testController.BidListControllerTest.testUpdateBidListWhenBidListIsPresent(BidListControllerTest.java:166)
</error>
    <system-out><![CDATA[2021-11-21 14:07:18.097 DEBUG 5580 --- [           main] org.hibernate.SQL                        : select bidlist0_.bid_list_id as bid_list1_0_0_, bidlist0_.account as account2_0_0_, bidlist0_.ask as ask3_0_0_, bidlist0_.ask_quantity as ask_quan4_0_0_, bidlist0_.benchmark as benchmar5_0_0_, bidlist0_.bid as bid6_0_0_, bidlist0_.bidquantity as bidquant7_0_0_, bidlist0_.book as book8_0_0_, bidlist0_.commentary as commenta9_0_0_, bidlist0_.creation_name as creatio10_0_0_, bidlist0_.deal_name as deal_na11_0_0_, bidlist0_.deal_type as deal_ty12_0_0_, bidlist0_.revision_name as revisio13_0_0_, bidlist0_.security as securit14_0_0_, bidlist0_.side as side15_0_0_, bidlist0_.source_list_id as source_16_0_0_, bidlist0_.status as status17_0_0_, bidlist0_.trader as trader18_0_0_, bidlist0_.type as type19_0_0_ from bidlist bidlist0_ where bidlist0_.bid_list_id=?
Hibernate: select bidlist0_.bid_list_id as bid_list1_0_0_, bidlist0_.account as account2_0_0_, bidlist0_.ask as ask3_0_0_, bidlist0_.ask_quantity as ask_quan4_0_0_, bidlist0_.benchmark as benchmar5_0_0_, bidlist0_.bid as bid6_0_0_, bidlist0_.bidquantity as bidquant7_0_0_, bidlist0_.book as book8_0_0_, bidlist0_.commentary as commenta9_0_0_, bidlist0_.creation_name as creatio10_0_0_, bidlist0_.deal_name as deal_na11_0_0_, bidlist0_.deal_type as deal_ty12_0_0_, bidlist0_.revision_name as revisio13_0_0_, bidlist0_.security as securit14_0_0_, bidlist0_.side as side15_0_0_, bidlist0_.source_list_id as source_16_0_0_, bidlist0_.status as status17_0_0_, bidlist0_.trader as trader18_0_0_, bidlist0_.type as type19_0_0_ from bidlist bidlist0_ where bidlist0_.bid_list_id=?
2021-11-21 14:07:18.097 TRACE 5580 --- [           main] o.h.type.descriptor.sql.BasicBinder      : binding parameter [1] as [INTEGER] - [1]
]]></system-out>
  </testcase>
  <testcase name="testIllegalArgumentDeleteBidList" classname="com.nnk.springboot.testController.BidListControllerTest" time="0">
    <error type="java.lang.NullPointerException">java.lang.NullPointerException
	at com.nnk.springboot.testController.BidListControllerTest.testIllegalArgumentDeleteBidList(BidListControllerTest.java:242)
</error>
  </testcase>
  <testcase name="testCreateBidListThenNotValid" classname="com.nnk.springboot.testController.BidListControllerTest" time="0.003"/>
</testsuite>